
  [32m[1mVITE[22m v6.4.1[39m  [2mready in [0m[1m933[22m[2m[0m ms[22m

  [32m➜[39m  [1mLocal[22m:   [36mhttp://localhost:[1m1420[22m/[39m
[2m20 h 08 min 05 s[22m [36m[1m[vite][22m[39m [90m[2m(client)[22m[39m [32mpage reload [39m[2mlaunch.err[22m
[2m20 h 08 min 05 s[22m [36m[1m[vite][22m[39m [90m[2m(client)[22m[39m [32mpage reload [39m[2mlaunch.out[22m
[2m20 h 08 min 05 s[22m [36m[1m[vite][22m[39m [90m[2m(client)[22m[39m [32mpage reload [39m[2mlaunch.out[22m
[2m20 h 08 min 12 s[22m [36m[1m[vite][22m[39m [90m[2m(client)[22m[39m [32mpage reload [39m[2mlaunch.out[22m
[2m20 h 08 min 17 s[22m [36m[1m[vite][22m[39m [90m[2m(client)[22m[39m [32mpage reload [39m[2mlaunch.out[22m
[2m20 h 08 min 23 s[22m [36m[1m[vite][22m[39m [90m[2m(client)[22m[39m [32mpage reload [39m[2mlaunch.out[22m
[2026-03-21][00:08:37][vocaltype_app_lib::managers::transcription][ERROR] Failed to load model: Cannot seal model without valid license key: No stored license bundle
[2m20 h 08 min 43 s[22m [36m[1m[vite][22m[39m [90m[2m(client)[22m[39m [32mpage reload [39m[2mlaunch.out[22m
[2m20 h 12 min 16 s[22m [36m[1m[vite][22m[39m [90m[2m(client)[22m[39m [32mhmr update [39m[2m/@fs/C:\developer\sas\vocaltype\src\components\TranscriptionWarmupBadge.tsx, /src/App.css[22m
[2m20 h 12 min 21 s[22m [36m[1m[vite][22m[39m [90m[2m(client)[22m[39m [32mpage reload [39m[2mlaunch.out[22m
[2m20 h 12 min 21 s[22m [36m[1m[vite][22m[39m [90m[2m(client)[22m[39m [32mpage reload [39m[2mlaunch.out[22m
[2m20 h 12 min 40 s[22m [36m[1m[vite][22m[39m [90m[2m(client)[22m[39m [32mhmr update [39m[2m/@fs/C:\developer\sas\vocaltype\src\components\settings\general\GeneralSettings.tsx, /src/App.css[22m
[2m20 h 12 min 45 s[22m [36m[1m[vite][22m[39m [90m[2m(client)[22m[39m [32mpage reload [39m[2mlaunch.out[22m
[2m20 h 12 min 49 s[22m [36m[1m[vite][22m[39m [90m[2m(client)[22m[39m [32mhmr update [39m[2m/@fs/C:\developer\sas\vocaltype\src\components\TranscriptionWarmupBadge.tsx, /src/App.css[22m
[2m20 h 12 min 55 s[22m [36m[1m[vite][22m[39m [90m[2m(client)[22m[39m [32mpage reload [39m[2mlaunch.out[22m
[2m20 h 13 min 00 s[22m [36m[1m[vite][22m[39m [90m[2m(client)[22m[39m [32mpage reload [39m[2mlaunch.out[22m
[2m20 h 13 min 04 s[22m [36m[1m[vite][22m[39m [90m[2m(client)[22m[39m [32mpage reload [39m[2mlaunch.out[22m
[2m20 h 51 min 47 s[22m [36m[1m[vite][22m[39m [90m[2m(client)[22m[39m [32mpage reload [39m[2msrc/types/startupWarmup.ts[22m
[2m20 h 51 min 47 s[22m [36m[1m[vite][22m[39m [90m[2m(client)[22m[39m [32mpage reload [39m[2msrc/types/startupWarmup.ts[22m
[2m20 h 51 min 53 s[22m [36m[1m[vite][22m[39m [90m[2m(client)[22m[39m [32mpage reload [39m[2mlaunch.out[22m
[2m20 h 51 min 53 s[22m [36m[1m[vite][22m[39m [90m[2m(client)[22m[39m [32mpage reload [39m[2mlaunch.out[22m
[2m20 h 51 min 58 s[22m [36m[1m[vite][22m[39m [90m[2m(client)[22m[39m [32mpage reload [39m[2mlaunch.out[22m
[2m20 h 51 min 59 s[22m [36m[1m[vite][22m[39m [90m[2m(client)[22m[39m [32mhmr update [39m[2m/@fs/C:\developer\sas\vocaltype\src\components\TranscriptionWarmupBadge.tsx, /src/App.css[22m
[2m20 h 52 min 04 s[22m [36m[1m[vite][22m[39m [90m[2m(client)[22m[39m [32mpage reload [39m[2mlaunch.out[22m
[2m20 h 52 min 04 s[22m [36m[1m[vite][22m[39m [90m[2m(client)[22m[39m [32mpage reload [39m[2mlaunch.out[22m
[2m20 h 52 min 04 s[22m [36m[1m[vite][22m[39m [90m[2m(client)[22m[39m [32mpage reload [39m[2mlaunch.out[22m
[2m20 h 52 min 04 s[22m [36m[1m[vite][22m[39m [90m[2m(client)[22m[39m [32mpage reload [39m[2mlaunch.out[22m
[2m20 h 52 min 09 s[22m [36m[1m[vite][22m[39m [90m[2m(client)[22m[39m [32mpage reload [39m[2mlaunch.out[22m
[2m20 h 52 min 10 s[22m [36m[1m[vite][22m[39m [90m[2m(client)[22m[39m [32mhmr update [39m[2m/@fs/C:\developer\sas\vocaltype\src\components\settings\general\GeneralSettings.tsx, /src/App.css[22m
[2m20 h 52 min 14 s[22m [36m[1m[vite][22m[39m [90m[2m(client)[22m[39m [32mpage reload [39m[2mlaunch.out[22m
[2m20 h 52 min 23 s[22m [36m[1m[vite][22m[39m [90m[2m(client)[22m[39m [32mpage reload [39m[2mlaunch.out[22m
[2m20 h 52 min 24 s[22m [36m[1m[vite][22m[39m [90m[2m(client)[22m[39m [32mpage reload [39m[2msrc/bindings.ts[22m
[2m20 h 52 min 28 s[22m [36m[1m[vite][22m[39m [90m[2m(client)[22m[39m [32mpage reload [39m[2mlaunch.out[22m
[2m20 h 52 min 37 s[22m [36m[1m[vite][22m[39m [90m[2m(client)[22m[39m [32mpage reload [39m[2mlaunch.out[22m
[2m20 h 52 min 42 s[22m [36m[1m[vite][22m[39m [90m[2m(client)[22m[39m [32mpage reload [39m[2mlaunch.out[22m
[2m20 h 52 min 42 s[22m [36m[1m[vite][22m[39m [90m[2m(client)[22m[39m [32mpage reload [39m[2mlaunch.out[22m
[2m20 h 52 min 42 s[22m [36m[1m[vite][22m[39m [90m[2m(client)[22m[39m [32mpage reload [39m[2mlaunch.out[22m
[2m20 h 52 min 43 s[22m [36m[1m[vite][22m[39m [90m[2m(client)[22m[39m [32mpage reload [39m[2mlaunch.out[22m
[2m20 h 52 min 48 s[22m [36m[1m[vite][22m[39m [90m[2m(client)[22m[39m [32mpage reload [39m[2mlaunch.out[22m
[2m20 h 52 min 52 s[22m [36m[1m[vite][22m[39m [90m[2m(client)[22m[39m [32mpage reload [39m[2mlaunch.out[22m
[2m20 h 52 min 57 s[22m [36m[1m[vite][22m[39m [90m[2m(client)[22m[39m [32mpage reload [39m[2mlaunch.out[22m
[2m20 h 53 min 01 s[22m [36m[1m[vite][22m[39m [90m[2m(client)[22m[39m [32mpage reload [39m[2mlaunch.out[22m
[2m20 h 53 min 09 s[22m [36m[1m[vite][22m[39m [90m[2m(client)[22m[39m [32mpage reload [39m[2mlaunch.out[22m
[2m20 h 53 min 10 s[22m [36m[1m[vite][22m[39m [90m[2m(client)[22m[39m [32mpage reload [39m[2mlaunch.out[22m
